<?xml version="1.0" encoding="UTF-8"?>
<!-- Generated by org.testng.reporters.JUnitReportReporter -->
<testsuite skipped="0" hostname="prabh" name="dashtest.MainScripts" tests="1" failures="0" timestamp="2022-11-29T20:03:24 EST" time="0.007" errors="0">
  <testcase name="loginSuccess" time="0.007" classname="dashtest.MainScripts"/>
  <system-out/>
</testsuite> <!-- dashtest.MainScripts -->
