<?xml version="1.0" encoding="UTF-8"?>
<!-- Generated by org.testng.reporters.JUnitReportReporter -->
<testsuite skipped="17" hostname="prabh" name="dashtest.MainScripts" tests="18" failures="0" timestamp="2022-12-02T21:26:40 EST" time="17.861" errors="0">
  <testcase name="notification_Message" time="17.861" classname="dashtest.MainScripts"/>
  <system-out/>
  <testcase name="fileDownload" classname="dashtest.MainScripts">
    <skipped/>
  </testcase> <!-- fileDownload -->
  <system-out/>
  <testcase name="fileUpload" classname="dashtest.MainScripts">
    <skipped/>
  </testcase> <!-- fileUpload -->
  <system-out/>
  <testcase name="loginFailed" classname="dashtest.MainScripts">
    <skipped/>
  </testcase> <!-- loginFailed -->
  <system-out/>
  <testcase name="dropdown" classname="dashtest.MainScripts">
    <skipped/>
  </testcase> <!-- dropdown -->
  <system-out/>
  <testcase name="dragAndDrop" classname="dashtest.MainScripts">
    <skipped/>
  </testcase> <!-- dragAndDrop -->
  <system-out/>
  <testcase name="openNewTab" classname="dashtest.MainScripts">
    <skipped/>
  </testcase> <!-- openNewTab -->
  <system-out/>
  <testcase name="dynamicContent" classname="dashtest.MainScripts">
    <skipped/>
  </testcase> <!-- dynamicContent -->
  <system-out/>
  <testcase name="loginSuccess" classname="dashtest.MainScripts">
    <skipped/>
  </testcase> <!-- loginSuccess -->
  <system-out/>
  <testcase name="contextMenu" classname="dashtest.MainScripts">
    <skipped/>
  </testcase> <!-- contextMenu -->
  <system-out/>
  <testcase name="dynamicControl" classname="dashtest.MainScripts">
    <skipped/>
  </testcase> <!-- dynamicControl -->
  <system-out/>
  <testcase name="javaScriptAlerts" classname="dashtest.MainScripts">
    <skipped/>
  </testcase> <!-- javaScriptAlerts -->
  <system-out/>
  <testcase name="dynamicloading" classname="dashtest.MainScripts">
    <skipped/>
  </testcase> <!-- dynamicloading -->
  <system-out/>
  <testcase name="checkbox" classname="dashtest.MainScripts">
    <skipped/>
  </testcase> <!-- checkbox -->
  <system-out/>
  <testcase name="iframetest" classname="dashtest.MainScripts">
    <skipped/>
  </testcase> <!-- iframetest -->
  <system-out/>
  <testcase name="floatingMenu" classname="dashtest.MainScripts">
    <skipped/>
  </testcase> <!-- floatingMenu -->
  <system-out/>
  <testcase name="mouseHover" classname="dashtest.MainScripts">
    <skipped/>
  </testcase> <!-- mouseHover -->
  <system-out/>
  <testcase name="javaScriptError" classname="dashtest.MainScripts">
    <skipped/>
  </testcase> <!-- javaScriptError -->
  <system-out/>
</testsuite> <!-- dashtest.MainScripts -->
